-------------------------------------------------------------------------------
Test set: com.ravi.jwt.FinalBankingApplicationTests
-------------------------------------------------------------------------------
Tests run: 1, Failures: 0, Errors: 1, Skipped: 0, Time elapsed: 0.47 s <<< FAILURE! - in com.ravi.jwt.FinalBankingApplicationTests
com.ravi.jwt.FinalBankingApplicationTests  Time elapsed: 0.467 s  <<< ERROR!
java.lang.IllegalStateException: Unable to find a @SpringBootConfiguration, you need to use @ContextConfiguration or @SpringBootTest(classes=...) with your test

